Mips Assembler Rev 3.1.2
C:\Program Files (x86)\MIPS\asm\Assembler.exe
-W
C:\Users\testbench\Videos\FFT Dev UPdate\AlgoFFT.asm

C:\Users\testbench\Videos\FFT Dev UPdate\fixedops.asm: line 10:14 Error: Undefined symbol: 'fp.s4'
C:\Users\testbench\Videos\FFT Dev UPdate\fixedops.asm: line 11:8 Error: Undefined symbol: 'fp.fp'
C:\Users\testbench\Videos\FFT Dev UPdate\fixedops.asm: line 12:13 Error: Undefined symbol: 'fp.fp'
C:\Users\testbench\Videos\FFT Dev UPdate\fixedops.asm: line 13:8 Error: Undefined symbol: 'fp.ra'
C:\Users\testbench\Videos\FFT Dev UPdate\fixedops.asm: line 14:8 Error: Undefined symbol: 'fp.s0'
C:\Users\testbench\Videos\FFT Dev UPdate\fixedops.asm: line 15:8 Error: Undefined symbol: 'fp.s1'
C:\Users\testbench\Videos\FFT Dev UPdate\fixedops.asm: line 16:8 Error: Undefined symbol: 'fp.s2'
C:\Users\testbench\Videos\FFT Dev UPdate\fixedops.asm: line 17:8 Error: Undefined symbol: 'fp.s3'
C:\Users\testbench\Videos\FFT Dev UPdate\fixedops.asm: line 18:8 Error: Undefined symbol: 'fp.s4'
C:\Users\testbench\Videos\FFT Dev UPdate\fixedops.asm: line 19:8 Error: Undefined symbol: 'fp.a0'
C:\Users\testbench\Videos\FFT Dev UPdate\fixedops.asm: line 20:8 Error: Undefined symbol: 'fp.a1'
C:\Users\testbench\Videos\FFT Dev UPdate\fixedops.asm: line 21:8 Error: Undefined symbol: 'fp.a2'
C:\Users\testbench\Videos\FFT Dev UPdate\fixedops.asm: line 22:8 Error: Undefined symbol: 'fp.a3'
C:\Users\testbench\Videos\FFT Dev UPdate\fixedops.asm: line 41:11 Error: Undefined symbol: 'fp.ra'
C:\Users\testbench\Videos\FFT Dev UPdate\fixedops.asm: line 42:8 Error: Undefined symbol: 'fp.s0'
C:\Users\testbench\Videos\FFT Dev UPdate\fixedops.asm: line 43:8 Error: Undefined symbol: 'fp.s1'
C:\Users\testbench\Videos\FFT Dev UPdate\fixedops.asm: line 44:8 Error: Undefined symbol: 'fp.s2'
C:\Users\testbench\Videos\FFT Dev UPdate\fixedops.asm: line 45:8 Error: Undefined symbol: 'fp.s3'
C:\Users\testbench\Videos\FFT Dev UPdate\fixedops.asm: line 46:8 Error: Undefined symbol: 'fp.s4'
C:\Users\testbench\Videos\FFT Dev UPdate\fixedops.asm: line 47:8 Error: Undefined symbol: 'fp.fp'
C:\Users\testbench\Videos\FFT Dev UPdate\fixedops.asm: line 48:13 Error: Undefined symbol: 'fp.a4'
C:\Users\testbench\Videos\FFT Dev UPdate\fixedops.asm: line 54:14 Error: Undefined symbol: 'fp.s4'
C:\Users\testbench\Videos\FFT Dev UPdate\fixedops.asm: line 55:8 Error: Undefined symbol: 'fp.fp'
C:\Users\testbench\Videos\FFT Dev UPdate\fixedops.asm: line 56:13 Error: Undefined symbol: 'fp.fp'
C:\Users\testbench\Videos\FFT Dev UPdate\fixedops.asm: line 57:8 Error: Undefined symbol: 'fp.ra'
C:\Users\testbench\Videos\FFT Dev UPdate\fixedops.asm: line 58:8 Error: Undefined symbol: 'fp.s0'
C:\Users\testbench\Videos\FFT Dev UPdate\fixedops.asm: line 59:8 Error: Undefined symbol: 'fp.s1'
C:\Users\testbench\Videos\FFT Dev UPdate\fixedops.asm: line 60:8 Error: Undefined symbol: 'fp.s2'
C:\Users\testbench\Videos\FFT Dev UPdate\fixedops.asm: line 61:8 Error: Undefined symbol: 'fp.s3'
C:\Users\testbench\Videos\FFT Dev UPdate\fixedops.asm: line 62:8 Error: Undefined symbol: 'fp.s4'
C:\Users\testbench\Videos\FFT Dev UPdate\fixedops.asm: line 63:8 Error: Undefined symbol: 'fp.a0'
C:\Users\testbench\Videos\FFT Dev UPdate\fixedops.asm: line 64:8 Error: Undefined symbol: 'fp.a1'
C:\Users\testbench\Videos\FFT Dev UPdate\fixedops.asm: line 65:8 Error: Undefined symbol: 'fp.a2'
C:\Users\testbench\Videos\FFT Dev UPdate\fixedops.asm: line 66:8 Error: Undefined symbol: 'fp.a3'
C:\Users\testbench\Videos\FFT Dev UPdate\fixedops.asm: line 76:9 Error: Undefined symbol: 'roundingfacttor'
C:\Users\testbench\Videos\FFT Dev UPdate\fixedops.asm: line 76:11 Error: Undefined symbol: 'roundingfacttor'
C:\Users\testbench\Videos\FFT Dev UPdate\fixedops.asm: line 76:13 Error: Undefined symbol: 'roundingfacttor'
C:\Users\testbench\Videos\FFT Dev UPdate\fixedops.asm: line 137:11 Error: Undefined symbol: 'fp.ra'
C:\Users\testbench\Videos\FFT Dev UPdate\fixedops.asm: line 138:8 Error: Undefined symbol: 'fp.s0'
C:\Users\testbench\Videos\FFT Dev UPdate\fixedops.asm: line 139:8 Error: Undefined symbol: 'fp.s1'
C:\Users\testbench\Videos\FFT Dev UPdate\fixedops.asm: line 140:8 Error: Undefined symbol: 'fp.s2'
C:\Users\testbench\Videos\FFT Dev UPdate\fixedops.asm: line 141:8 Error: Undefined symbol: 'fp.s3'
C:\Users\testbench\Videos\FFT Dev UPdate\fixedops.asm: line 142:8 Error: Undefined symbol: 'fp.s4'
C:\Users\testbench\Videos\FFT Dev UPdate\fixedops.asm: line 143:8 Error: Undefined symbol: 'fp.fp'
C:\Users\testbench\Videos\FFT Dev UPdate\fixedops.asm: line 144:13 Error: Undefined symbol: 'fp.a4'
C:\Users\testbench\Videos\FFT Dev UPdate\fixedops.asm: line 151:14 Error: Undefined symbol: 'fp.s4'
C:\Users\testbench\Videos\FFT Dev UPdate\fixedops.asm: line 152:8 Error: Undefined symbol: 'fp.fp'
C:\Users\testbench\Videos\FFT Dev UPdate\fixedops.asm: line 153:13 Error: Undefined symbol: 'fp.fp'
C:\Users\testbench\Videos\FFT Dev UPdate\fixedops.asm: line 154:8 Error: Undefined symbol: 'fp.ra'
C:\Users\testbench\Videos\FFT Dev UPdate\fixedops.asm: line 155:8 Error: Undefined symbol: 'fp.s0'
C:\Users\testbench\Videos\FFT Dev UPdate\fixedops.asm: line 156:8 Error: Undefined symbol: 'fp.s1'
C:\Users\testbench\Videos\FFT Dev UPdate\fixedops.asm: line 157:8 Error: Undefined symbol: 'fp.s2'
C:\Users\testbench\Videos\FFT Dev UPdate\fixedops.asm: line 158:8 Error: Undefined symbol: 'fp.s3'
C:\Users\testbench\Videos\FFT Dev UPdate\fixedops.asm: line 159:8 Error: Undefined symbol: 'fp.s4'
C:\Users\testbench\Videos\FFT Dev UPdate\fixedops.asm: line 160:8 Error: Undefined symbol: 'fp.a0'
C:\Users\testbench\Videos\FFT Dev UPdate\fixedops.asm: line 161:8 Error: Undefined symbol: 'fp.a1'
C:\Users\testbench\Videos\FFT Dev UPdate\fixedops.asm: line 162:8 Error: Undefined symbol: 'fp.a2'
C:\Users\testbench\Videos\FFT Dev UPdate\fixedops.asm: line 163:8 Error: Undefined symbol: 'fp.a3'
C:\Users\testbench\Videos\FFT Dev UPdate\fixedops.asm: line 174:9 Error: Undefined symbol: 'roundingfacttor'
C:\Users\testbench\Videos\FFT Dev UPdate\fixedops.asm: line 174:11 Error: Undefined symbol: 'roundingfacttor'
C:\Users\testbench\Videos\FFT Dev UPdate\fixedops.asm: line 174:13 Error: Undefined symbol: 'roundingfacttor'
C:\Users\testbench\Videos\FFT Dev UPdate\fixedops.asm: line 223:11 Error: Undefined symbol: 'fp.ra'
C:\Users\testbench\Videos\FFT Dev UPdate\fixedops.asm: line 224:8 Error: Undefined symbol: 'fp.s0'
C:\Users\testbench\Videos\FFT Dev UPdate\fixedops.asm: line 225:8 Error: Undefined symbol: 'fp.s1'
C:\Users\testbench\Videos\FFT Dev UPdate\fixedops.asm: line 226:8 Error: Undefined symbol: 'fp.s2'
C:\Users\testbench\Videos\FFT Dev UPdate\fixedops.asm: line 227:8 Error: Undefined symbol: 'fp.s3'
C:\Users\testbench\Videos\FFT Dev UPdate\fixedops.asm: line 228:8 Error: Undefined symbol: 'fp.s4'
C:\Users\testbench\Videos\FFT Dev UPdate\fixedops.asm: line 229:8 Error: Undefined symbol: 'fp.fp'
C:\Users\testbench\Videos\FFT Dev UPdate\fixedops.asm: line 230:13 Error: Undefined symbol: 'fp.a4'
C:\Users\testbench\Videos\FFT Dev UPdate\fixedops.asm: line 235:14 Error: Undefined symbol: 'fp.s4'
C:\Users\testbench\Videos\FFT Dev UPdate\fixedops.asm: line 236:8 Error: Undefined symbol: 'fp.fp'
C:\Users\testbench\Videos\FFT Dev UPdate\fixedops.asm: line 237:13 Error: Undefined symbol: 'fp.fp'
C:\Users\testbench\Videos\FFT Dev UPdate\fixedops.asm: line 238:8 Error: Undefined symbol: 'fp.ra'
C:\Users\testbench\Videos\FFT Dev UPdate\fixedops.asm: line 239:8 Error: Undefined symbol: 'fp.s0'
C:\Users\testbench\Videos\FFT Dev UPdate\fixedops.asm: line 240:8 Error: Undefined symbol: 'fp.s1'
C:\Users\testbench\Videos\FFT Dev UPdate\fixedops.asm: line 241:8 Error: Undefined symbol: 'fp.s2'
C:\Users\testbench\Videos\FFT Dev UPdate\fixedops.asm: line 242:8 Error: Undefined symbol: 'fp.s3'
C:\Users\testbench\Videos\FFT Dev UPdate\fixedops.asm: line 243:8 Error: Undefined symbol: 'fp.s4'
C:\Users\testbench\Videos\FFT Dev UPdate\fixedops.asm: line 244:8 Error: Undefined symbol: 'fp.a0'
C:\Users\testbench\Videos\FFT Dev UPdate\fixedops.asm: line 245:8 Error: Undefined symbol: 'fp.a1'
C:\Users\testbench\Videos\FFT Dev UPdate\fixedops.asm: line 246:8 Error: Undefined symbol: 'fp.a2'
C:\Users\testbench\Videos\FFT Dev UPdate\fixedops.asm: line 247:8 Error: Undefined symbol: 'fp.a3'
C:\Users\testbench\Videos\FFT Dev UPdate\fixedops.asm: line 254:9 Error: Undefined symbol: 'roundingfacttor'
C:\Users\testbench\Videos\FFT Dev UPdate\fixedops.asm: line 254:11 Error: Undefined symbol: 'roundingfacttor'
C:\Users\testbench\Videos\FFT Dev UPdate\fixedops.asm: line 254:13 Error: Undefined symbol: 'roundingfacttor'
C:\Users\testbench\Videos\FFT Dev UPdate\fixedops.asm: line 318:11 Error: Undefined symbol: 'fp.ra'
C:\Users\testbench\Videos\FFT Dev UPdate\fixedops.asm: line 319:8 Error: Undefined symbol: 'fp.s0'
C:\Users\testbench\Videos\FFT Dev UPdate\fixedops.asm: line 320:8 Error: Undefined symbol: 'fp.s1'
C:\Users\testbench\Videos\FFT Dev UPdate\fixedops.asm: line 321:8 Error: Undefined symbol: 'fp.s2'
C:\Users\testbench\Videos\FFT Dev UPdate\fixedops.asm: line 322:8 Error: Undefined symbol: 'fp.s3'
C:\Users\testbench\Videos\FFT Dev UPdate\fixedops.asm: line 323:8 Error: Undefined symbol: 'fp.s4'
C:\Users\testbench\Videos\FFT Dev UPdate\fixedops.asm: line 324:8 Error: Undefined symbol: 'fp.fp'
C:\Users\testbench\Videos\FFT Dev UPdate\fixedops.asm: line 325:13 Error: Undefined symbol: 'fp.a4'
C:\Users\testbench\Videos\FFT Dev UPdate\AlgoFFT.asm: line 54:15 Error: Undefined symbol: 'fp.s4'
C:\Users\testbench\Videos\FFT Dev UPdate\AlgoFFT.asm: line 55:9 Error: Undefined symbol: 'fp.fp'
C:\Users\testbench\Videos\FFT Dev UPdate\AlgoFFT.asm: line 56:14 Error: Undefined symbol: 'fp.fp'
C:\Users\testbench\Videos\FFT Dev UPdate\AlgoFFT.asm: line 57:9 Error: Undefined symbol: 'fp.ra'
C:\Users\testbench\Videos\FFT Dev UPdate\AlgoFFT.asm: line 58:9 Error: Undefined symbol: 'fp.s0'
C:\Users\testbench\Videos\FFT Dev UPdate\AlgoFFT.asm: line 59:9 Error: Undefined symbol: 'fp.s1'
C:\Users\testbench\Videos\FFT Dev UPdate\AlgoFFT.asm: line 60:9 Error: Undefined symbol: 'fp.s2'
C:\Users\testbench\Videos\FFT Dev UPdate\AlgoFFT.asm: line 61:9 Error: Undefined symbol: 'fp.s3'
C:\Users\testbench\Videos\FFT Dev UPdate\AlgoFFT.asm: line 62:9 Error: Undefined symbol: 'fp.s4'
C:\Users\testbench\Videos\FFT Dev UPdate\AlgoFFT.asm: line 63:9 Error: Undefined symbol: 'fp.a0'
C:\Users\testbench\Videos\FFT Dev UPdate\AlgoFFT.asm: line 64:9 Error: Undefined symbol: 'fp.a1'
C:\Users\testbench\Videos\FFT Dev UPdate\AlgoFFT.asm: line 65:9 Error: Undefined symbol: 'fp.a2'
C:\Users\testbench\Videos\FFT Dev UPdate\AlgoFFT.asm: line 66:9 Error: Undefined symbol: 'fp.a3'
C:\Users\testbench\Videos\FFT Dev UPdate\AlgoFFT.asm: line 77:9 Error: Undefined symbol: 'N'
C:\Users\testbench\Videos\FFT Dev UPdate\AlgoFFT.asm: line 77:8 Error: Undefined symbol: 'N'
C:\Users\testbench\Videos\FFT Dev UPdate\AlgoFFT.asm: line 81:9 Error: Undefined symbol: 'PI'
C:\Users\testbench\Videos\FFT Dev UPdate\AlgoFFT.asm: line 81:10 Error: Undefined symbol: 'PI'
C:\Users\testbench\Videos\FFT Dev UPdate\AlgoFFT.asm: line 81:12 Error: Undefined symbol: 'PI'
C:\Users\testbench\Videos\FFT Dev UPdate\AlgoFFT.asm: line 82:9 Error: Undefined symbol: 'Nfloat'
C:\Users\testbench\Videos\FFT Dev UPdate\AlgoFFT.asm: line 82:10 Error: Undefined symbol: 'Nfloat'
C:\Users\testbench\Videos\FFT Dev UPdate\AlgoFFT.asm: line 82:12 Error: Undefined symbol: 'Nfloat'
C:\Users\testbench\Videos\FFT Dev UPdate\AlgoFFT.asm: line 84:9 Error: Undefined symbol: 'ThetaT'
C:\Users\testbench\Videos\FFT Dev UPdate\AlgoFFT.asm: line 84:10 Error: Undefined symbol: 'ThetaT'
C:\Users\testbench\Videos\FFT Dev UPdate\AlgoFFT.asm: line 84:12 Error: Undefined symbol: 'ThetaT'
C:\Users\testbench\Videos\FFT Dev UPdate\AlgoFFT.asm: line 90:9 Error: Undefined symbol: 'phiT'
C:\Users\testbench\Videos\FFT Dev UPdate\AlgoFFT.asm: line 90:10 Error: Undefined symbol: 'phiT'
C:\Users\testbench\Videos\FFT Dev UPdate\AlgoFFT.asm: line 90:12 Error: Undefined symbol: 'phiT'
C:\Users\testbench\Videos\FFT Dev UPdate\AlgoFFT.asm: line 91:10 Error: Undefined symbol: 'phiT'
C:\Users\testbench\Videos\FFT Dev UPdate\AlgoFFT.asm: line 96:9 Error: Undefined symbol: 'm'
C:\Users\testbench\Videos\FFT Dev UPdate\AlgoFFT.asm: line 96:8 Error: Undefined symbol: 'm'
C:\Users\testbench\Videos\FFT Dev UPdate\AlgoFFT.asm: line 105:9 Error: Undefined symbol: 'firstphit'
C:\Users\testbench\Videos\FFT Dev UPdate\AlgoFFT.asm: line 107:9 Error: Undefined symbol: 'phiT'
C:\Users\testbench\Videos\FFT Dev UPdate\AlgoFFT.asm: line 107:11 Error: Undefined symbol: 'phiT'
C:\Users\testbench\Videos\FFT Dev UPdate\AlgoFFT.asm: line 107:13 Error: Undefined symbol: 'phiT'
C:\Users\testbench\Videos\FFT Dev UPdate\AlgoFFT.asm: line 133:9 Error: Undefined symbol: 'phiT'
C:\Users\testbench\Videos\FFT Dev UPdate\AlgoFFT.asm: line 134:9 Error: Undefined symbol: 'phiT'
C:\Users\testbench\Videos\FFT Dev UPdate\AlgoFFT.asm: line 135:9 Error: Undefined symbol: 'phiT'
C:\Users\testbench\Videos\FFT Dev UPdate\AlgoFFT.asm: line 142:10 Error: Undefined symbol: 'firstph2'
C:\Users\testbench\Videos\FFT Dev UPdate\AlgoFFT.asm: line 145:9 Error: Undefined symbol: 'phiT'
C:\Users\testbench\Videos\FFT Dev UPdate\AlgoFFT.asm: line 145:11 Error: Undefined symbol: 'phiT'
C:\Users\testbench\Videos\FFT Dev UPdate\AlgoFFT.asm: line 145:13 Error: Undefined symbol: 'phiT'
C:\Users\testbench\Videos\FFT Dev UPdate\AlgoFFT.asm: line 149:10 Error: Undefined symbol: 'SPACE'
C:\Users\testbench\Videos\FFT Dev UPdate\AlgoFFT.asm: line 153:10 Error: Undefined symbol: 'phiT'
C:\Users\testbench\Videos\FFT Dev UPdate\AlgoFFT.asm: line 160:10 Error: Undefined symbol: 'T'
C:\Users\testbench\Videos\FFT Dev UPdate\AlgoFFT.asm: line 179:9 Error: Undefined symbol: 'Data'
C:\Users\testbench\Videos\FFT Dev UPdate\AlgoFFT.asm: line 179:8 Error: Undefined symbol: 'Data'
C:\Users\testbench\Videos\FFT Dev UPdate\AlgoFFT.asm: line 190:10 Error: Undefined symbol: 'SPACE'
C:\Users\testbench\Videos\FFT Dev UPdate\AlgoFFT.asm: line 207:10 Error: Undefined symbol: 't'
C:\Users\testbench\Videos\FFT Dev UPdate\AlgoFFT.asm: line 214:10 Error: Undefined symbol: 'compsub'
C:\Users\testbench\Videos\FFT Dev UPdate\AlgoFFT.asm: line 216:9 Error: Undefined symbol: 't'
C:\Users\testbench\Videos\FFT Dev UPdate\AlgoFFT.asm: line 216:11 Error: Undefined symbol: 't'
C:\Users\testbench\Videos\FFT Dev UPdate\AlgoFFT.asm: line 216:13 Error: Undefined symbol: 't'
C:\Users\testbench\Videos\FFT Dev UPdate\AlgoFFT.asm: line 218:10 Error: Undefined symbol: 'SPACE'
C:\Users\testbench\Videos\FFT Dev UPdate\AlgoFFT.asm: line 220:10 Error: Undefined symbol: 't'
C:\Users\testbench\Videos\FFT Dev UPdate\AlgoFFT.asm: line 241:10 Error: Undefined symbol: 'compadd'
C:\Users\testbench\Videos\FFT Dev UPdate\AlgoFFT.asm: line 247:10 Error: Undefined symbol: 'SPACE'
C:\Users\testbench\Videos\FFT Dev UPdate\AlgoFFT.asm: line 258:10 Error: Undefined symbol: 't'
C:\Users\testbench\Videos\FFT Dev UPdate\AlgoFFT.asm: line 259:10 Error: Undefined symbol: 'T'
C:\Users\testbench\Videos\FFT Dev UPdate\AlgoFFT.asm: line 264:10 Error: Undefined symbol: 'tandt'
C:\Users\testbench\Videos\FFT Dev UPdate\AlgoFFT.asm: line 270:10 Error: Undefined symbol: 'SPACE'
C:\Users\testbench\Videos\FFT Dev UPdate\AlgoFFT.asm: line 280:10 Error: Undefined symbol: 'T'
C:\Users\testbench\Videos\FFT Dev UPdate\AlgoFFT.asm: line 281:10 Error: Undefined symbol: 'phiT'
C:\Users\testbench\Videos\FFT Dev UPdate\AlgoFFT.asm: line 282:10 Error: Undefined symbol: 'T'
C:\Users\testbench\Videos\FFT Dev UPdate\AlgoFFT.asm: line 287:10 Error: Undefined symbol: 'TtT'
C:\Users\testbench\Videos\FFT Dev UPdate\AlgoFFT.asm: line 293:10 Error: Undefined symbol: 'SPACE'
C:\Users\testbench\Videos\FFT Dev UPdate\AlgoFFT.asm: line 308:7 Error: Undefined symbol: 'printalldata'
C:\Users\testbench\Videos\FFT Dev UPdate\AlgoFFT.asm: line 315:9 Error: Undefined symbol: 'N'
C:\Users\testbench\Videos\FFT Dev UPdate\AlgoFFT.asm: line 315:8 Error: Undefined symbol: 'N'
C:\Users\testbench\Videos\FFT Dev UPdate\AlgoFFT.asm: line 318:9 Error: Undefined symbol: 'phiT'
C:\Users\testbench\Videos\FFT Dev UPdate\AlgoFFT.asm: line 318:11 Error: Undefined symbol: 'phiT'
C:\Users\testbench\Videos\FFT Dev UPdate\AlgoFFT.asm: line 318:13 Error: Undefined symbol: 'phiT'
C:\Users\testbench\Videos\FFT Dev UPdate\AlgoFFT.asm: line 326:9 Error: Undefined symbol: 'Data'
C:\Users\testbench\Videos\FFT Dev UPdate\AlgoFFT.asm: line 326:8 Error: Undefined symbol: 'Data'
C:\Users\testbench\Videos\FFT Dev UPdate\AlgoFFT.asm: line 390:9 Error: Undefined symbol: 'm'
C:\Users\testbench\Videos\FFT Dev UPdate\AlgoFFT.asm: line 390:8 Error: Undefined symbol: 'm'
C:\Users\testbench\Videos\FFT Dev UPdate\AlgoFFT.asm: line 456:8 Error: Undefined symbol: 'fp.ra'
C:\Users\testbench\Videos\FFT Dev UPdate\AlgoFFT.asm: line 457:8 Error: Undefined symbol: 'fp.s0'
C:\Users\testbench\Videos\FFT Dev UPdate\AlgoFFT.asm: line 458:8 Error: Undefined symbol: 'fp.s1'
C:\Users\testbench\Videos\FFT Dev UPdate\AlgoFFT.asm: line 459:8 Error: Undefined symbol: 'fp.s2'
C:\Users\testbench\Videos\FFT Dev UPdate\AlgoFFT.asm: line 460:8 Error: Undefined symbol: 'fp.s3'
C:\Users\testbench\Videos\FFT Dev UPdate\AlgoFFT.asm: line 461:8 Error: Undefined symbol: 'fp.s4'
C:\Users\testbench\Videos\FFT Dev UPdate\AlgoFFT.asm: line 462:8 Error: Undefined symbol: 'fp.fp'
C:\Users\testbench\Videos\FFT Dev UPdate\AlgoFFT.asm: line 463:13 Error: Undefined symbol: 'fp.a4'
C:\Users\testbench\Videos\FFT Dev UPdate\AlgoFFT.asm: line 470:15 Error: Undefined symbol: 'fp.s4'
C:\Users\testbench\Videos\FFT Dev UPdate\AlgoFFT.asm: line 471:9 Error: Undefined symbol: 'fp.fp'
C:\Users\testbench\Videos\FFT Dev UPdate\AlgoFFT.asm: line 472:14 Error: Undefined symbol: 'fp.fp'
C:\Users\testbench\Videos\FFT Dev UPdate\AlgoFFT.asm: line 473:9 Error: Undefined symbol: 'fp.ra'
C:\Users\testbench\Videos\FFT Dev UPdate\AlgoFFT.asm: line 474:9 Error: Undefined symbol: 'fp.s0'
C:\Users\testbench\Videos\FFT Dev UPdate\AlgoFFT.asm: line 475:9 Error: Undefined symbol: 'fp.s1'
C:\Users\testbench\Videos\FFT Dev UPdate\AlgoFFT.asm: line 476:9 Error: Undefined symbol: 'fp.s2'
C:\Users\testbench\Videos\FFT Dev UPdate\AlgoFFT.asm: line 477:9 Error: Undefined symbol: 'fp.s3'
C:\Users\testbench\Videos\FFT Dev UPdate\AlgoFFT.asm: line 478:9 Error: Undefined symbol: 'fp.s4'
C:\Users\testbench\Videos\FFT Dev UPdate\AlgoFFT.asm: line 479:9 Error: Undefined symbol: 'fp.a0'
C:\Users\testbench\Videos\FFT Dev UPdate\AlgoFFT.asm: line 480:9 Error: Undefined symbol: 'fp.a1'
C:\Users\testbench\Videos\FFT Dev UPdate\AlgoFFT.asm: line 481:9 Error: Undefined symbol: 'fp.a2'
C:\Users\testbench\Videos\FFT Dev UPdate\AlgoFFT.asm: line 482:9 Error: Undefined symbol: 'fp.a3'
C:\Users\testbench\Videos\FFT Dev UPdate\AlgoFFT.asm: line 485:9 Error: Undefined symbol: 'N'
C:\Users\testbench\Videos\FFT Dev UPdate\AlgoFFT.asm: line 485:8 Error: Undefined symbol: 'N'
C:\Users\testbench\Videos\FFT Dev UPdate\AlgoFFT.asm: line 486:9 Error: Undefined symbol: 'Data'
C:\Users\testbench\Videos\FFT Dev UPdate\AlgoFFT.asm: line 486:8 Error: Undefined symbol: 'Data'
C:\Users\testbench\Videos\FFT Dev UPdate\AlgoFFT.asm: line 501:6 Error: Undefined symbol: 'printalldata'
C:\Users\testbench\Videos\FFT Dev UPdate\AlgoFFT.asm: line 503:9 Error: Undefined symbol: 'N'
C:\Users\testbench\Videos\FFT Dev UPdate\AlgoFFT.asm: line 503:8 Error: Undefined symbol: 'N'
C:\Users\testbench\Videos\FFT Dev UPdate\AlgoFFT.asm: line 504:9 Error: Undefined symbol: 'Data'
C:\Users\testbench\Videos\FFT Dev UPdate\AlgoFFT.asm: line 504:8 Error: Undefined symbol: 'Data'
C:\Users\testbench\Videos\FFT Dev UPdate\AlgoFFT.asm: line 518:9 Error: Undefined symbol: 'N'
C:\Users\testbench\Videos\FFT Dev UPdate\AlgoFFT.asm: line 518:8 Error: Undefined symbol: 'N'
C:\Users\testbench\Videos\FFT Dev UPdate\AlgoFFT.asm: line 519:9 Error: Undefined symbol: 'N'
C:\Users\testbench\Videos\FFT Dev UPdate\AlgoFFT.asm: line 520:9 Error: Undefined symbol: 'Data'
C:\Users\testbench\Videos\FFT Dev UPdate\AlgoFFT.asm: line 520:8 Error: Undefined symbol: 'Data'
C:\Users\testbench\Videos\FFT Dev UPdate\AlgoFFT.asm: line 539:8 Error: Undefined symbol: 'fp.ra'
C:\Users\testbench\Videos\FFT Dev UPdate\AlgoFFT.asm: line 540:8 Error: Undefined symbol: 'fp.s0'
C:\Users\testbench\Videos\FFT Dev UPdate\AlgoFFT.asm: line 541:8 Error: Undefined symbol: 'fp.s1'
C:\Users\testbench\Videos\FFT Dev UPdate\AlgoFFT.asm: line 542:8 Error: Undefined symbol: 'fp.s2'
C:\Users\testbench\Videos\FFT Dev UPdate\AlgoFFT.asm: line 543:8 Error: Undefined symbol: 'fp.s3'
C:\Users\testbench\Videos\FFT Dev UPdate\AlgoFFT.asm: line 544:8 Error: Undefined symbol: 'fp.s4'
C:\Users\testbench\Videos\FFT Dev UPdate\AlgoFFT.asm: line 545:8 Error: Undefined symbol: 'fp.fp'
C:\Users\testbench\Videos\FFT Dev UPdate\AlgoFFT.asm: line 546:13 Error: Undefined symbol: 'fp.a4'
