Mips Assembler Rev 3.1.2
C:\Program Files (x86)\MIPS\asm\Assembler.exe
-W
C:\Users\testbench\Videos\FFT Dev UPdate\AlgoFFTTT.asm

C:\Users\testbench\Videos\FFT Dev UPdate\fixedops.asm: line 10:14 Error: Undefined symbol: 'fp.s4'
C:\Users\testbench\Videos\FFT Dev UPdate\fixedops.asm: line 11:8 Error: Undefined symbol: 'fp.fp'
C:\Users\testbench\Videos\FFT Dev UPdate\fixedops.asm: line 12:13 Error: Undefined symbol: 'fp.fp'
C:\Users\testbench\Videos\FFT Dev UPdate\fixedops.asm: line 13:8 Error: Undefined symbol: 'fp.ra'
C:\Users\testbench\Videos\FFT Dev UPdate\fixedops.asm: line 14:8 Error: Undefined symbol: 'fp.s0'
C:\Users\testbench\Videos\FFT Dev UPdate\fixedops.asm: line 15:8 Error: Undefined symbol: 'fp.s1'
C:\Users\testbench\Videos\FFT Dev UPdate\fixedops.asm: line 16:8 Error: Undefined symbol: 'fp.s2'
C:\Users\testbench\Videos\FFT Dev UPdate\fixedops.asm: line 17:8 Error: Undefined symbol: 'fp.s3'
C:\Users\testbench\Videos\FFT Dev UPdate\fixedops.asm: line 18:8 Error: Undefined symbol: 'fp.s4'
C:\Users\testbench\Videos\FFT Dev UPdate\fixedops.asm: line 19:8 Error: Undefined symbol: 'fp.a0'
C:\Users\testbench\Videos\FFT Dev UPdate\fixedops.asm: line 20:8 Error: Undefined symbol: 'fp.a1'
C:\Users\testbench\Videos\FFT Dev UPdate\fixedops.asm: line 21:8 Error: Undefined symbol: 'fp.a2'
C:\Users\testbench\Videos\FFT Dev UPdate\fixedops.asm: line 22:8 Error: Undefined symbol: 'fp.a3'
C:\Users\testbench\Videos\FFT Dev UPdate\fixedops.asm: line 42:11 Error: Undefined symbol: 'fp.ra'
C:\Users\testbench\Videos\FFT Dev UPdate\fixedops.asm: line 43:8 Error: Undefined symbol: 'fp.s0'
C:\Users\testbench\Videos\FFT Dev UPdate\fixedops.asm: line 44:8 Error: Undefined symbol: 'fp.s1'
C:\Users\testbench\Videos\FFT Dev UPdate\fixedops.asm: line 45:8 Error: Undefined symbol: 'fp.s2'
C:\Users\testbench\Videos\FFT Dev UPdate\fixedops.asm: line 46:8 Error: Undefined symbol: 'fp.s3'
C:\Users\testbench\Videos\FFT Dev UPdate\fixedops.asm: line 47:8 Error: Undefined symbol: 'fp.s4'
C:\Users\testbench\Videos\FFT Dev UPdate\fixedops.asm: line 48:8 Error: Undefined symbol: 'fp.fp'
C:\Users\testbench\Videos\FFT Dev UPdate\fixedops.asm: line 49:13 Error: Undefined symbol: 'fp.a4'
C:\Users\testbench\Videos\FFT Dev UPdate\fixedops.asm: line 55:14 Error: Undefined symbol: 'fp.s4'
C:\Users\testbench\Videos\FFT Dev UPdate\fixedops.asm: line 56:8 Error: Undefined symbol: 'fp.fp'
C:\Users\testbench\Videos\FFT Dev UPdate\fixedops.asm: line 57:13 Error: Undefined symbol: 'fp.fp'
C:\Users\testbench\Videos\FFT Dev UPdate\fixedops.asm: line 58:8 Error: Undefined symbol: 'fp.ra'
C:\Users\testbench\Videos\FFT Dev UPdate\fixedops.asm: line 59:8 Error: Undefined symbol: 'fp.s0'
C:\Users\testbench\Videos\FFT Dev UPdate\fixedops.asm: line 60:8 Error: Undefined symbol: 'fp.s1'
C:\Users\testbench\Videos\FFT Dev UPdate\fixedops.asm: line 61:8 Error: Undefined symbol: 'fp.s2'
C:\Users\testbench\Videos\FFT Dev UPdate\fixedops.asm: line 62:8 Error: Undefined symbol: 'fp.s3'
C:\Users\testbench\Videos\FFT Dev UPdate\fixedops.asm: line 63:8 Error: Undefined symbol: 'fp.s4'
C:\Users\testbench\Videos\FFT Dev UPdate\fixedops.asm: line 64:8 Error: Undefined symbol: 'fp.a0'
C:\Users\testbench\Videos\FFT Dev UPdate\fixedops.asm: line 65:8 Error: Undefined symbol: 'fp.a1'
C:\Users\testbench\Videos\FFT Dev UPdate\fixedops.asm: line 66:8 Error: Undefined symbol: 'fp.a2'
C:\Users\testbench\Videos\FFT Dev UPdate\fixedops.asm: line 67:8 Error: Undefined symbol: 'fp.a3'
C:\Users\testbench\Videos\FFT Dev UPdate\fixedops.asm: line 77:9 Error: Undefined symbol: 'roundingfacttor'
C:\Users\testbench\Videos\FFT Dev UPdate\fixedops.asm: line 77:11 Error: Undefined symbol: 'roundingfacttor'
C:\Users\testbench\Videos\FFT Dev UPdate\fixedops.asm: line 77:13 Error: Undefined symbol: 'roundingfacttor'
C:\Users\testbench\Videos\FFT Dev UPdate\fixedops.asm: line 138:11 Error: Undefined symbol: 'fp.ra'
C:\Users\testbench\Videos\FFT Dev UPdate\fixedops.asm: line 139:8 Error: Undefined symbol: 'fp.s0'
C:\Users\testbench\Videos\FFT Dev UPdate\fixedops.asm: line 140:8 Error: Undefined symbol: 'fp.s1'
C:\Users\testbench\Videos\FFT Dev UPdate\fixedops.asm: line 141:8 Error: Undefined symbol: 'fp.s2'
C:\Users\testbench\Videos\FFT Dev UPdate\fixedops.asm: line 142:8 Error: Undefined symbol: 'fp.s3'
C:\Users\testbench\Videos\FFT Dev UPdate\fixedops.asm: line 143:8 Error: Undefined symbol: 'fp.s4'
C:\Users\testbench\Videos\FFT Dev UPdate\fixedops.asm: line 144:8 Error: Undefined symbol: 'fp.fp'
C:\Users\testbench\Videos\FFT Dev UPdate\fixedops.asm: line 145:13 Error: Undefined symbol: 'fp.a4'
C:\Users\testbench\Videos\FFT Dev UPdate\fixedops.asm: line 152:14 Error: Undefined symbol: 'fp.s4'
C:\Users\testbench\Videos\FFT Dev UPdate\fixedops.asm: line 153:8 Error: Undefined symbol: 'fp.fp'
C:\Users\testbench\Videos\FFT Dev UPdate\fixedops.asm: line 154:13 Error: Undefined symbol: 'fp.fp'
C:\Users\testbench\Videos\FFT Dev UPdate\fixedops.asm: line 155:8 Error: Undefined symbol: 'fp.ra'
C:\Users\testbench\Videos\FFT Dev UPdate\fixedops.asm: line 156:8 Error: Undefined symbol: 'fp.s0'
C:\Users\testbench\Videos\FFT Dev UPdate\fixedops.asm: line 157:8 Error: Undefined symbol: 'fp.s1'
C:\Users\testbench\Videos\FFT Dev UPdate\fixedops.asm: line 158:8 Error: Undefined symbol: 'fp.s2'
C:\Users\testbench\Videos\FFT Dev UPdate\fixedops.asm: line 159:8 Error: Undefined symbol: 'fp.s3'
C:\Users\testbench\Videos\FFT Dev UPdate\fixedops.asm: line 160:8 Error: Undefined symbol: 'fp.s4'
C:\Users\testbench\Videos\FFT Dev UPdate\fixedops.asm: line 161:8 Error: Undefined symbol: 'fp.a0'
C:\Users\testbench\Videos\FFT Dev UPdate\fixedops.asm: line 162:8 Error: Undefined symbol: 'fp.a1'
C:\Users\testbench\Videos\FFT Dev UPdate\fixedops.asm: line 163:8 Error: Undefined symbol: 'fp.a2'
C:\Users\testbench\Videos\FFT Dev UPdate\fixedops.asm: line 164:8 Error: Undefined symbol: 'fp.a3'
C:\Users\testbench\Videos\FFT Dev UPdate\fixedops.asm: line 175:9 Error: Undefined symbol: 'roundingfacttor'
C:\Users\testbench\Videos\FFT Dev UPdate\fixedops.asm: line 175:11 Error: Undefined symbol: 'roundingfacttor'
C:\Users\testbench\Videos\FFT Dev UPdate\fixedops.asm: line 175:13 Error: Undefined symbol: 'roundingfacttor'
C:\Users\testbench\Videos\FFT Dev UPdate\fixedops.asm: line 224:11 Error: Undefined symbol: 'fp.ra'
C:\Users\testbench\Videos\FFT Dev UPdate\fixedops.asm: line 225:8 Error: Undefined symbol: 'fp.s0'
C:\Users\testbench\Videos\FFT Dev UPdate\fixedops.asm: line 226:8 Error: Undefined symbol: 'fp.s1'
C:\Users\testbench\Videos\FFT Dev UPdate\fixedops.asm: line 227:8 Error: Undefined symbol: 'fp.s2'
C:\Users\testbench\Videos\FFT Dev UPdate\fixedops.asm: line 228:8 Error: Undefined symbol: 'fp.s3'
C:\Users\testbench\Videos\FFT Dev UPdate\fixedops.asm: line 229:8 Error: Undefined symbol: 'fp.s4'
C:\Users\testbench\Videos\FFT Dev UPdate\fixedops.asm: line 230:8 Error: Undefined symbol: 'fp.fp'
C:\Users\testbench\Videos\FFT Dev UPdate\fixedops.asm: line 231:13 Error: Undefined symbol: 'fp.a4'
C:\Users\testbench\Videos\FFT Dev UPdate\fixedops.asm: line 236:14 Error: Undefined symbol: 'fp.s4'
C:\Users\testbench\Videos\FFT Dev UPdate\fixedops.asm: line 237:8 Error: Undefined symbol: 'fp.fp'
C:\Users\testbench\Videos\FFT Dev UPdate\fixedops.asm: line 238:13 Error: Undefined symbol: 'fp.fp'
C:\Users\testbench\Videos\FFT Dev UPdate\fixedops.asm: line 239:8 Error: Undefined symbol: 'fp.ra'
C:\Users\testbench\Videos\FFT Dev UPdate\fixedops.asm: line 240:8 Error: Undefined symbol: 'fp.s0'
C:\Users\testbench\Videos\FFT Dev UPdate\fixedops.asm: line 241:8 Error: Undefined symbol: 'fp.s1'
C:\Users\testbench\Videos\FFT Dev UPdate\fixedops.asm: line 242:8 Error: Undefined symbol: 'fp.s2'
C:\Users\testbench\Videos\FFT Dev UPdate\fixedops.asm: line 243:8 Error: Undefined symbol: 'fp.s3'
C:\Users\testbench\Videos\FFT Dev UPdate\fixedops.asm: line 244:8 Error: Undefined symbol: 'fp.s4'
C:\Users\testbench\Videos\FFT Dev UPdate\fixedops.asm: line 245:8 Error: Undefined symbol: 'fp.a0'
C:\Users\testbench\Videos\FFT Dev UPdate\fixedops.asm: line 246:8 Error: Undefined symbol: 'fp.a1'
C:\Users\testbench\Videos\FFT Dev UPdate\fixedops.asm: line 247:8 Error: Undefined symbol: 'fp.a2'
C:\Users\testbench\Videos\FFT Dev UPdate\fixedops.asm: line 248:8 Error: Undefined symbol: 'fp.a3'
C:\Users\testbench\Videos\FFT Dev UPdate\fixedops.asm: line 255:9 Error: Undefined symbol: 'roundingfacttor'
C:\Users\testbench\Videos\FFT Dev UPdate\fixedops.asm: line 255:11 Error: Undefined symbol: 'roundingfacttor'
C:\Users\testbench\Videos\FFT Dev UPdate\fixedops.asm: line 255:13 Error: Undefined symbol: 'roundingfacttor'
C:\Users\testbench\Videos\FFT Dev UPdate\fixedops.asm: line 319:11 Error: Undefined symbol: 'fp.ra'
C:\Users\testbench\Videos\FFT Dev UPdate\fixedops.asm: line 320:8 Error: Undefined symbol: 'fp.s0'
C:\Users\testbench\Videos\FFT Dev UPdate\fixedops.asm: line 321:8 Error: Undefined symbol: 'fp.s1'
C:\Users\testbench\Videos\FFT Dev UPdate\fixedops.asm: line 322:8 Error: Undefined symbol: 'fp.s2'
C:\Users\testbench\Videos\FFT Dev UPdate\fixedops.asm: line 323:8 Error: Undefined symbol: 'fp.s3'
C:\Users\testbench\Videos\FFT Dev UPdate\fixedops.asm: line 324:8 Error: Undefined symbol: 'fp.s4'
C:\Users\testbench\Videos\FFT Dev UPdate\fixedops.asm: line 325:8 Error: Undefined symbol: 'fp.fp'
C:\Users\testbench\Videos\FFT Dev UPdate\fixedops.asm: line 326:13 Error: Undefined symbol: 'fp.a4'
C:\Users\testbench\Videos\FFT Dev UPdate\AlgoFFTTT.asm: line 54:15 Error: Undefined symbol: 'fp.s4'
C:\Users\testbench\Videos\FFT Dev UPdate\AlgoFFTTT.asm: line 55:9 Error: Undefined symbol: 'fp.fp'
C:\Users\testbench\Videos\FFT Dev UPdate\AlgoFFTTT.asm: line 56:14 Error: Undefined symbol: 'fp.fp'
C:\Users\testbench\Videos\FFT Dev UPdate\AlgoFFTTT.asm: line 57:9 Error: Undefined symbol: 'fp.ra'
C:\Users\testbench\Videos\FFT Dev UPdate\AlgoFFTTT.asm: line 58:9 Error: Undefined symbol: 'fp.s0'
C:\Users\testbench\Videos\FFT Dev UPdate\AlgoFFTTT.asm: line 59:9 Error: Undefined symbol: 'fp.s1'
C:\Users\testbench\Videos\FFT Dev UPdate\AlgoFFTTT.asm: line 60:9 Error: Undefined symbol: 'fp.s2'
C:\Users\testbench\Videos\FFT Dev UPdate\AlgoFFTTT.asm: line 61:9 Error: Undefined symbol: 'fp.s3'
C:\Users\testbench\Videos\FFT Dev UPdate\AlgoFFTTT.asm: line 62:9 Error: Undefined symbol: 'fp.s4'
C:\Users\testbench\Videos\FFT Dev UPdate\AlgoFFTTT.asm: line 63:9 Error: Undefined symbol: 'fp.a0'
C:\Users\testbench\Videos\FFT Dev UPdate\AlgoFFTTT.asm: line 64:9 Error: Undefined symbol: 'fp.a1'
C:\Users\testbench\Videos\FFT Dev UPdate\AlgoFFTTT.asm: line 65:9 Error: Undefined symbol: 'fp.a2'
C:\Users\testbench\Videos\FFT Dev UPdate\AlgoFFTTT.asm: line 66:9 Error: Undefined symbol: 'fp.a3'
C:\Users\testbench\Videos\FFT Dev UPdate\AlgoFFTTT.asm: line 77:9 Error: Undefined symbol: 'N'
C:\Users\testbench\Videos\FFT Dev UPdate\AlgoFFTTT.asm: line 77:8 Error: Undefined symbol: 'N'
C:\Users\testbench\Videos\FFT Dev UPdate\AlgoFFTTT.asm: line 81:9 Error: Undefined symbol: 'PI'
C:\Users\testbench\Videos\FFT Dev UPdate\AlgoFFTTT.asm: line 81:10 Error: Undefined symbol: 'PI'
C:\Users\testbench\Videos\FFT Dev UPdate\AlgoFFTTT.asm: line 81:12 Error: Undefined symbol: 'PI'
C:\Users\testbench\Videos\FFT Dev UPdate\AlgoFFTTT.asm: line 82:9 Error: Undefined symbol: 'Nfloat'
C:\Users\testbench\Videos\FFT Dev UPdate\AlgoFFTTT.asm: line 82:10 Error: Undefined symbol: 'Nfloat'
C:\Users\testbench\Videos\FFT Dev UPdate\AlgoFFTTT.asm: line 82:12 Error: Undefined symbol: 'Nfloat'
C:\Users\testbench\Videos\FFT Dev UPdate\AlgoFFTTT.asm: line 84:9 Error: Undefined symbol: 'ThetaT'
C:\Users\testbench\Videos\FFT Dev UPdate\AlgoFFTTT.asm: line 84:10 Error: Undefined symbol: 'ThetaT'
C:\Users\testbench\Videos\FFT Dev UPdate\AlgoFFTTT.asm: line 84:12 Error: Undefined symbol: 'ThetaT'
C:\Users\testbench\Videos\FFT Dev UPdate\AlgoFFTTT.asm: line 90:9 Error: Undefined symbol: 'phiT'
C:\Users\testbench\Videos\FFT Dev UPdate\AlgoFFTTT.asm: line 90:10 Error: Undefined symbol: 'phiT'
C:\Users\testbench\Videos\FFT Dev UPdate\AlgoFFTTT.asm: line 90:12 Error: Undefined symbol: 'phiT'
C:\Users\testbench\Videos\FFT Dev UPdate\AlgoFFTTT.asm: line 91:10 Error: Undefined symbol: 'phiT'
C:\Users\testbench\Videos\FFT Dev UPdate\AlgoFFTTT.asm: line 96:9 Error: Undefined symbol: 'm'
C:\Users\testbench\Videos\FFT Dev UPdate\AlgoFFTTT.asm: line 96:8 Error: Undefined symbol: 'm'
C:\Users\testbench\Videos\FFT Dev UPdate\AlgoFFTTT.asm: line 105:9 Error: Undefined symbol: 'firstphit'
C:\Users\testbench\Videos\FFT Dev UPdate\AlgoFFTTT.asm: line 107:9 Error: Undefined symbol: 'phiT'
C:\Users\testbench\Videos\FFT Dev UPdate\AlgoFFTTT.asm: line 107:11 Error: Undefined symbol: 'phiT'
C:\Users\testbench\Videos\FFT Dev UPdate\AlgoFFTTT.asm: line 107:13 Error: Undefined symbol: 'phiT'
C:\Users\testbench\Videos\FFT Dev UPdate\AlgoFFTTT.asm: line 134:9 Error: Undefined symbol: 'phiT'
C:\Users\testbench\Videos\FFT Dev UPdate\AlgoFFTTT.asm: line 136:9 Error: Undefined symbol: 'phiT'
C:\Users\testbench\Videos\FFT Dev UPdate\AlgoFFTTT.asm: line 137:9 Error: Undefined symbol: 'phiT'
C:\Users\testbench\Videos\FFT Dev UPdate\AlgoFFTTT.asm: line 144:10 Error: Undefined symbol: 'firstph2'
C:\Users\testbench\Videos\FFT Dev UPdate\AlgoFFTTT.asm: line 147:9 Error: Undefined symbol: 'phiT'
C:\Users\testbench\Videos\FFT Dev UPdate\AlgoFFTTT.asm: line 147:11 Error: Undefined symbol: 'phiT'
C:\Users\testbench\Videos\FFT Dev UPdate\AlgoFFTTT.asm: line 147:13 Error: Undefined symbol: 'phiT'
C:\Users\testbench\Videos\FFT Dev UPdate\AlgoFFTTT.asm: line 151:10 Error: Undefined symbol: 'SPACE'
C:\Users\testbench\Videos\FFT Dev UPdate\AlgoFFTTT.asm: line 155:10 Error: Undefined symbol: 'phiT'
C:\Users\testbench\Videos\FFT Dev UPdate\AlgoFFTTT.asm: line 162:10 Error: Undefined symbol: 'T'
C:\Users\testbench\Videos\FFT Dev UPdate\AlgoFFTTT.asm: line 181:9 Error: Undefined symbol: 'Data'
C:\Users\testbench\Videos\FFT Dev UPdate\AlgoFFTTT.asm: line 181:8 Error: Undefined symbol: 'Data'
C:\Users\testbench\Videos\FFT Dev UPdate\AlgoFFTTT.asm: line 192:10 Error: Undefined symbol: 'SPACE'
C:\Users\testbench\Videos\FFT Dev UPdate\AlgoFFTTT.asm: line 209:10 Error: Undefined symbol: 't'
C:\Users\testbench\Videos\FFT Dev UPdate\AlgoFFTTT.asm: line 216:10 Error: Undefined symbol: 'compsub'
C:\Users\testbench\Videos\FFT Dev UPdate\AlgoFFTTT.asm: line 218:9 Error: Undefined symbol: 't'
C:\Users\testbench\Videos\FFT Dev UPdate\AlgoFFTTT.asm: line 218:11 Error: Undefined symbol: 't'
C:\Users\testbench\Videos\FFT Dev UPdate\AlgoFFTTT.asm: line 218:13 Error: Undefined symbol: 't'
C:\Users\testbench\Videos\FFT Dev UPdate\AlgoFFTTT.asm: line 220:10 Error: Undefined symbol: 'SPACE'
C:\Users\testbench\Videos\FFT Dev UPdate\AlgoFFTTT.asm: line 222:10 Error: Undefined symbol: 't'
C:\Users\testbench\Videos\FFT Dev UPdate\AlgoFFTTT.asm: line 243:10 Error: Undefined symbol: 'compadd'
C:\Users\testbench\Videos\FFT Dev UPdate\AlgoFFTTT.asm: line 249:10 Error: Undefined symbol: 'SPACE'
C:\Users\testbench\Videos\FFT Dev UPdate\AlgoFFTTT.asm: line 260:10 Error: Undefined symbol: 't'
C:\Users\testbench\Videos\FFT Dev UPdate\AlgoFFTTT.asm: line 261:10 Error: Undefined symbol: 'T'
C:\Users\testbench\Videos\FFT Dev UPdate\AlgoFFTTT.asm: line 266:10 Error: Undefined symbol: 'tandt'
C:\Users\testbench\Videos\FFT Dev UPdate\AlgoFFTTT.asm: line 272:10 Error: Undefined symbol: 'SPACE'
C:\Users\testbench\Videos\FFT Dev UPdate\AlgoFFTTT.asm: line 282:10 Error: Undefined symbol: 'T'
C:\Users\testbench\Videos\FFT Dev UPdate\AlgoFFTTT.asm: line 283:10 Error: Undefined symbol: 'phiT'
C:\Users\testbench\Videos\FFT Dev UPdate\AlgoFFTTT.asm: line 284:10 Error: Undefined symbol: 'T'
C:\Users\testbench\Videos\FFT Dev UPdate\AlgoFFTTT.asm: line 289:10 Error: Undefined symbol: 'TtT'
C:\Users\testbench\Videos\FFT Dev UPdate\AlgoFFTTT.asm: line 295:10 Error: Undefined symbol: 'SPACE'
C:\Users\testbench\Videos\FFT Dev UPdate\AlgoFFTTT.asm: line 310:7 Error: Undefined symbol: 'printalldata'
C:\Users\testbench\Videos\FFT Dev UPdate\AlgoFFTTT.asm: line 317:9 Error: Undefined symbol: 'N'
C:\Users\testbench\Videos\FFT Dev UPdate\AlgoFFTTT.asm: line 317:8 Error: Undefined symbol: 'N'
C:\Users\testbench\Videos\FFT Dev UPdate\AlgoFFTTT.asm: line 320:9 Error: Undefined symbol: 'phiT'
C:\Users\testbench\Videos\FFT Dev UPdate\AlgoFFTTT.asm: line 320:11 Error: Undefined symbol: 'phiT'
C:\Users\testbench\Videos\FFT Dev UPdate\AlgoFFTTT.asm: line 320:13 Error: Undefined symbol: 'phiT'
C:\Users\testbench\Videos\FFT Dev UPdate\AlgoFFTTT.asm: line 328:9 Error: Undefined symbol: 'Data'
C:\Users\testbench\Videos\FFT Dev UPdate\AlgoFFTTT.asm: line 328:8 Error: Undefined symbol: 'Data'
C:\Users\testbench\Videos\FFT Dev UPdate\AlgoFFTTT.asm: line 392:9 Error: Undefined symbol: 'm'
C:\Users\testbench\Videos\FFT Dev UPdate\AlgoFFTTT.asm: line 392:8 Error: Undefined symbol: 'm'
C:\Users\testbench\Videos\FFT Dev UPdate\AlgoFFTTT.asm: line 458:8 Error: Undefined symbol: 'fp.ra'
C:\Users\testbench\Videos\FFT Dev UPdate\AlgoFFTTT.asm: line 459:8 Error: Undefined symbol: 'fp.s0'
C:\Users\testbench\Videos\FFT Dev UPdate\AlgoFFTTT.asm: line 460:8 Error: Undefined symbol: 'fp.s1'
C:\Users\testbench\Videos\FFT Dev UPdate\AlgoFFTTT.asm: line 461:8 Error: Undefined symbol: 'fp.s2'
C:\Users\testbench\Videos\FFT Dev UPdate\AlgoFFTTT.asm: line 462:8 Error: Undefined symbol: 'fp.s3'
C:\Users\testbench\Videos\FFT Dev UPdate\AlgoFFTTT.asm: line 463:8 Error: Undefined symbol: 'fp.s4'
C:\Users\testbench\Videos\FFT Dev UPdate\AlgoFFTTT.asm: line 464:8 Error: Undefined symbol: 'fp.fp'
C:\Users\testbench\Videos\FFT Dev UPdate\AlgoFFTTT.asm: line 465:13 Error: Undefined symbol: 'fp.a4'
C:\Users\testbench\Videos\FFT Dev UPdate\AlgoFFTTT.asm: line 472:15 Error: Undefined symbol: 'fp.s4'
C:\Users\testbench\Videos\FFT Dev UPdate\AlgoFFTTT.asm: line 473:9 Error: Undefined symbol: 'fp.fp'
C:\Users\testbench\Videos\FFT Dev UPdate\AlgoFFTTT.asm: line 474:14 Error: Undefined symbol: 'fp.fp'
C:\Users\testbench\Videos\FFT Dev UPdate\AlgoFFTTT.asm: line 475:9 Error: Undefined symbol: 'fp.ra'
C:\Users\testbench\Videos\FFT Dev UPdate\AlgoFFTTT.asm: line 476:9 Error: Undefined symbol: 'fp.s0'
C:\Users\testbench\Videos\FFT Dev UPdate\AlgoFFTTT.asm: line 477:9 Error: Undefined symbol: 'fp.s1'
C:\Users\testbench\Videos\FFT Dev UPdate\AlgoFFTTT.asm: line 478:9 Error: Undefined symbol: 'fp.s2'
C:\Users\testbench\Videos\FFT Dev UPdate\AlgoFFTTT.asm: line 479:9 Error: Undefined symbol: 'fp.s3'
C:\Users\testbench\Videos\FFT Dev UPdate\AlgoFFTTT.asm: line 480:9 Error: Undefined symbol: 'fp.s4'
C:\Users\testbench\Videos\FFT Dev UPdate\AlgoFFTTT.asm: line 481:9 Error: Undefined symbol: 'fp.a0'
C:\Users\testbench\Videos\FFT Dev UPdate\AlgoFFTTT.asm: line 482:9 Error: Undefined symbol: 'fp.a1'
C:\Users\testbench\Videos\FFT Dev UPdate\AlgoFFTTT.asm: line 483:9 Error: Undefined symbol: 'fp.a2'
C:\Users\testbench\Videos\FFT Dev UPdate\AlgoFFTTT.asm: line 484:9 Error: Undefined symbol: 'fp.a3'
C:\Users\testbench\Videos\FFT Dev UPdate\AlgoFFTTT.asm: line 487:9 Error: Undefined symbol: 'N'
C:\Users\testbench\Videos\FFT Dev UPdate\AlgoFFTTT.asm: line 487:8 Error: Undefined symbol: 'N'
C:\Users\testbench\Videos\FFT Dev UPdate\AlgoFFTTT.asm: line 488:9 Error: Undefined symbol: 'Data'
C:\Users\testbench\Videos\FFT Dev UPdate\AlgoFFTTT.asm: line 488:8 Error: Undefined symbol: 'Data'
C:\Users\testbench\Videos\FFT Dev UPdate\AlgoFFTTT.asm: line 505:6 Error: Undefined symbol: 'printalldata'
C:\Users\testbench\Videos\FFT Dev UPdate\AlgoFFTTT.asm: line 507:9 Error: Undefined symbol: 'N'
C:\Users\testbench\Videos\FFT Dev UPdate\AlgoFFTTT.asm: line 507:8 Error: Undefined symbol: 'N'
C:\Users\testbench\Videos\FFT Dev UPdate\AlgoFFTTT.asm: line 508:9 Error: Undefined symbol: 'Data'
C:\Users\testbench\Videos\FFT Dev UPdate\AlgoFFTTT.asm: line 508:8 Error: Undefined symbol: 'Data'
C:\Users\testbench\Videos\FFT Dev UPdate\AlgoFFTTT.asm: line 524:9 Error: Undefined symbol: 'N'
C:\Users\testbench\Videos\FFT Dev UPdate\AlgoFFTTT.asm: line 524:8 Error: Undefined symbol: 'N'
C:\Users\testbench\Videos\FFT Dev UPdate\AlgoFFTTT.asm: line 525:9 Error: Undefined symbol: 'N'
C:\Users\testbench\Videos\FFT Dev UPdate\AlgoFFTTT.asm: line 526:9 Error: Undefined symbol: 'Data'
C:\Users\testbench\Videos\FFT Dev UPdate\AlgoFFTTT.asm: line 526:8 Error: Undefined symbol: 'Data'
C:\Users\testbench\Videos\FFT Dev UPdate\AlgoFFTTT.asm: line 543:6 Error: Undefined symbol: 'printalldata'
C:\Users\testbench\Videos\FFT Dev UPdate\AlgoFFTTT.asm: line 549:8 Error: Undefined symbol: 'fp.ra'
C:\Users\testbench\Videos\FFT Dev UPdate\AlgoFFTTT.asm: line 550:8 Error: Undefined symbol: 'fp.s0'
C:\Users\testbench\Videos\FFT Dev UPdate\AlgoFFTTT.asm: line 551:8 Error: Undefined symbol: 'fp.s1'
C:\Users\testbench\Videos\FFT Dev UPdate\AlgoFFTTT.asm: line 552:8 Error: Undefined symbol: 'fp.s2'
C:\Users\testbench\Videos\FFT Dev UPdate\AlgoFFTTT.asm: line 553:8 Error: Undefined symbol: 'fp.s3'
C:\Users\testbench\Videos\FFT Dev UPdate\AlgoFFTTT.asm: line 554:8 Error: Undefined symbol: 'fp.s4'
C:\Users\testbench\Videos\FFT Dev UPdate\AlgoFFTTT.asm: line 555:8 Error: Undefined symbol: 'fp.fp'
C:\Users\testbench\Videos\FFT Dev UPdate\AlgoFFTTT.asm: line 556:13 Error: Undefined symbol: 'fp.a4'
C:\Users\testbench\Videos\FFT Dev UPdate\AlgoFFTTT.asm: line 562:15 Error: Undefined symbol: 'fp.s4'
C:\Users\testbench\Videos\FFT Dev UPdate\AlgoFFTTT.asm: line 563:9 Error: Undefined symbol: 'fp.fp'
C:\Users\testbench\Videos\FFT Dev UPdate\AlgoFFTTT.asm: line 564:14 Error: Undefined symbol: 'fp.fp'
C:\Users\testbench\Videos\FFT Dev UPdate\AlgoFFTTT.asm: line 565:9 Error: Undefined symbol: 'fp.ra'
C:\Users\testbench\Videos\FFT Dev UPdate\AlgoFFTTT.asm: line 566:9 Error: Undefined symbol: 'fp.s0'
C:\Users\testbench\Videos\FFT Dev UPdate\AlgoFFTTT.asm: line 567:9 Error: Undefined symbol: 'fp.s1'
C:\Users\testbench\Videos\FFT Dev UPdate\AlgoFFTTT.asm: line 568:9 Error: Undefined symbol: 'fp.s2'
C:\Users\testbench\Videos\FFT Dev UPdate\AlgoFFTTT.asm: line 569:9 Error: Undefined symbol: 'fp.s3'
C:\Users\testbench\Videos\FFT Dev UPdate\AlgoFFTTT.asm: line 570:9 Error: Undefined symbol: 'fp.s4'
C:\Users\testbench\Videos\FFT Dev UPdate\AlgoFFTTT.asm: line 571:9 Error: Undefined symbol: 'fp.a0'
C:\Users\testbench\Videos\FFT Dev UPdate\AlgoFFTTT.asm: line 572:9 Error: Undefined symbol: 'fp.a1'
C:\Users\testbench\Videos\FFT Dev UPdate\AlgoFFTTT.asm: line 573:9 Error: Undefined symbol: 'fp.a2'
C:\Users\testbench\Videos\FFT Dev UPdate\AlgoFFTTT.asm: line 574:9 Error: Undefined symbol: 'fp.a3'
C:\Users\testbench\Videos\FFT Dev UPdate\AlgoFFTTT.asm: line 583:9 Error: Undefined symbol: 'fp.ra'
C:\Users\testbench\Videos\FFT Dev UPdate\AlgoFFTTT.asm: line 584:9 Error: Undefined symbol: 'fp.s0'
C:\Users\testbench\Videos\FFT Dev UPdate\AlgoFFTTT.asm: line 585:9 Error: Undefined symbol: 'fp.s1'
C:\Users\testbench\Videos\FFT Dev UPdate\AlgoFFTTT.asm: line 586:9 Error: Undefined symbol: 'fp.s2'
C:\Users\testbench\Videos\FFT Dev UPdate\AlgoFFTTT.asm: line 587:9 Error: Undefined symbol: 'fp.s3'
C:\Users\testbench\Videos\FFT Dev UPdate\AlgoFFTTT.asm: line 588:9 Error: Undefined symbol: 'fp.s4'
C:\Users\testbench\Videos\FFT Dev UPdate\AlgoFFTTT.asm: line 589:9 Error: Undefined symbol: 'fp.fp'
C:\Users\testbench\Videos\FFT Dev UPdate\AlgoFFTTT.asm: line 590:14 Error: Undefined symbol: 'fp.a4'
