Mips Assembler Rev 3.1.2
C:\Program Files (x86)\MIPS\asm\Assembler.exe
-W
C:\Users\testbench\Videos\FFT Dev UPdate\fixedops.asm

C:\Users\testbench\Videos\FFT Dev UPdate\fixedops.asm: line 10:14 Error: Undefined symbol: 'fp.s4'
C:\Users\testbench\Videos\FFT Dev UPdate\fixedops.asm: line 11:8 Error: Undefined symbol: 'fp.fp'
C:\Users\testbench\Videos\FFT Dev UPdate\fixedops.asm: line 12:13 Error: Undefined symbol: 'fp.fp'
C:\Users\testbench\Videos\FFT Dev UPdate\fixedops.asm: line 13:8 Error: Undefined symbol: 'fp.ra'
C:\Users\testbench\Videos\FFT Dev UPdate\fixedops.asm: line 14:8 Error: Undefined symbol: 'fp.s0'
C:\Users\testbench\Videos\FFT Dev UPdate\fixedops.asm: line 15:8 Error: Undefined symbol: 'fp.s1'
C:\Users\testbench\Videos\FFT Dev UPdate\fixedops.asm: line 16:8 Error: Undefined symbol: 'fp.s2'
C:\Users\testbench\Videos\FFT Dev UPdate\fixedops.asm: line 17:8 Error: Undefined symbol: 'fp.s3'
C:\Users\testbench\Videos\FFT Dev UPdate\fixedops.asm: line 18:8 Error: Undefined symbol: 'fp.s4'
C:\Users\testbench\Videos\FFT Dev UPdate\fixedops.asm: line 19:8 Error: Undefined symbol: 'fp.a0'
C:\Users\testbench\Videos\FFT Dev UPdate\fixedops.asm: line 20:8 Error: Undefined symbol: 'fp.a1'
C:\Users\testbench\Videos\FFT Dev UPdate\fixedops.asm: line 21:8 Error: Undefined symbol: 'fp.a2'
C:\Users\testbench\Videos\FFT Dev UPdate\fixedops.asm: line 22:8 Error: Undefined symbol: 'fp.a3'
C:\Users\testbench\Videos\FFT Dev UPdate\fixedops.asm: line 41:11 Error: Undefined symbol: 'fp.ra'
C:\Users\testbench\Videos\FFT Dev UPdate\fixedops.asm: line 42:8 Error: Undefined symbol: 'fp.s0'
C:\Users\testbench\Videos\FFT Dev UPdate\fixedops.asm: line 43:8 Error: Undefined symbol: 'fp.s1'
C:\Users\testbench\Videos\FFT Dev UPdate\fixedops.asm: line 44:8 Error: Undefined symbol: 'fp.s2'
C:\Users\testbench\Videos\FFT Dev UPdate\fixedops.asm: line 45:8 Error: Undefined symbol: 'fp.s3'
C:\Users\testbench\Videos\FFT Dev UPdate\fixedops.asm: line 46:8 Error: Undefined symbol: 'fp.s4'
C:\Users\testbench\Videos\FFT Dev UPdate\fixedops.asm: line 47:8 Error: Undefined symbol: 'fp.fp'
C:\Users\testbench\Videos\FFT Dev UPdate\fixedops.asm: line 48:13 Error: Undefined symbol: 'fp.a4'
C:\Users\testbench\Videos\FFT Dev UPdate\fixedops.asm: line 54:14 Error: Undefined symbol: 'fp.s4'
C:\Users\testbench\Videos\FFT Dev UPdate\fixedops.asm: line 55:8 Error: Undefined symbol: 'fp.fp'
C:\Users\testbench\Videos\FFT Dev UPdate\fixedops.asm: line 56:13 Error: Undefined symbol: 'fp.fp'
C:\Users\testbench\Videos\FFT Dev UPdate\fixedops.asm: line 57:8 Error: Undefined symbol: 'fp.ra'
C:\Users\testbench\Videos\FFT Dev UPdate\fixedops.asm: line 58:8 Error: Undefined symbol: 'fp.s0'
C:\Users\testbench\Videos\FFT Dev UPdate\fixedops.asm: line 59:8 Error: Undefined symbol: 'fp.s1'
C:\Users\testbench\Videos\FFT Dev UPdate\fixedops.asm: line 60:8 Error: Undefined symbol: 'fp.s2'
C:\Users\testbench\Videos\FFT Dev UPdate\fixedops.asm: line 61:8 Error: Undefined symbol: 'fp.s3'
C:\Users\testbench\Videos\FFT Dev UPdate\fixedops.asm: line 62:8 Error: Undefined symbol: 'fp.s4'
C:\Users\testbench\Videos\FFT Dev UPdate\fixedops.asm: line 63:8 Error: Undefined symbol: 'fp.a0'
C:\Users\testbench\Videos\FFT Dev UPdate\fixedops.asm: line 64:8 Error: Undefined symbol: 'fp.a1'
C:\Users\testbench\Videos\FFT Dev UPdate\fixedops.asm: line 65:8 Error: Undefined symbol: 'fp.a2'
C:\Users\testbench\Videos\FFT Dev UPdate\fixedops.asm: line 66:8 Error: Undefined symbol: 'fp.a3'
C:\Users\testbench\Videos\FFT Dev UPdate\fixedops.asm: line 76:9 Error: Undefined symbol: 'roundingfacttor'
C:\Users\testbench\Videos\FFT Dev UPdate\fixedops.asm: line 76:11 Error: Undefined symbol: 'roundingfacttor'
C:\Users\testbench\Videos\FFT Dev UPdate\fixedops.asm: line 76:13 Error: Undefined symbol: 'roundingfacttor'
C:\Users\testbench\Videos\FFT Dev UPdate\fixedops.asm: line 137:11 Error: Undefined symbol: 'fp.ra'
C:\Users\testbench\Videos\FFT Dev UPdate\fixedops.asm: line 138:8 Error: Undefined symbol: 'fp.s0'
C:\Users\testbench\Videos\FFT Dev UPdate\fixedops.asm: line 139:8 Error: Undefined symbol: 'fp.s1'
C:\Users\testbench\Videos\FFT Dev UPdate\fixedops.asm: line 140:8 Error: Undefined symbol: 'fp.s2'
C:\Users\testbench\Videos\FFT Dev UPdate\fixedops.asm: line 141:8 Error: Undefined symbol: 'fp.s3'
C:\Users\testbench\Videos\FFT Dev UPdate\fixedops.asm: line 142:8 Error: Undefined symbol: 'fp.s4'
C:\Users\testbench\Videos\FFT Dev UPdate\fixedops.asm: line 143:8 Error: Undefined symbol: 'fp.fp'
C:\Users\testbench\Videos\FFT Dev UPdate\fixedops.asm: line 144:13 Error: Undefined symbol: 'fp.a4'
C:\Users\testbench\Videos\FFT Dev UPdate\fixedops.asm: line 151:14 Error: Undefined symbol: 'fp.s4'
C:\Users\testbench\Videos\FFT Dev UPdate\fixedops.asm: line 152:8 Error: Undefined symbol: 'fp.fp'
C:\Users\testbench\Videos\FFT Dev UPdate\fixedops.asm: line 153:13 Error: Undefined symbol: 'fp.fp'
C:\Users\testbench\Videos\FFT Dev UPdate\fixedops.asm: line 154:8 Error: Undefined symbol: 'fp.ra'
C:\Users\testbench\Videos\FFT Dev UPdate\fixedops.asm: line 155:8 Error: Undefined symbol: 'fp.s0'
C:\Users\testbench\Videos\FFT Dev UPdate\fixedops.asm: line 156:8 Error: Undefined symbol: 'fp.s1'
C:\Users\testbench\Videos\FFT Dev UPdate\fixedops.asm: line 157:8 Error: Undefined symbol: 'fp.s2'
C:\Users\testbench\Videos\FFT Dev UPdate\fixedops.asm: line 158:8 Error: Undefined symbol: 'fp.s3'
C:\Users\testbench\Videos\FFT Dev UPdate\fixedops.asm: line 159:8 Error: Undefined symbol: 'fp.s4'
C:\Users\testbench\Videos\FFT Dev UPdate\fixedops.asm: line 160:8 Error: Undefined symbol: 'fp.a0'
C:\Users\testbench\Videos\FFT Dev UPdate\fixedops.asm: line 161:8 Error: Undefined symbol: 'fp.a1'
C:\Users\testbench\Videos\FFT Dev UPdate\fixedops.asm: line 162:8 Error: Undefined symbol: 'fp.a2'
C:\Users\testbench\Videos\FFT Dev UPdate\fixedops.asm: line 163:8 Error: Undefined symbol: 'fp.a3'
C:\Users\testbench\Videos\FFT Dev UPdate\fixedops.asm: line 174:9 Error: Undefined symbol: 'roundingfacttor'
C:\Users\testbench\Videos\FFT Dev UPdate\fixedops.asm: line 174:11 Error: Undefined symbol: 'roundingfacttor'
C:\Users\testbench\Videos\FFT Dev UPdate\fixedops.asm: line 174:13 Error: Undefined symbol: 'roundingfacttor'
C:\Users\testbench\Videos\FFT Dev UPdate\fixedops.asm: line 223:11 Error: Undefined symbol: 'fp.ra'
C:\Users\testbench\Videos\FFT Dev UPdate\fixedops.asm: line 224:8 Error: Undefined symbol: 'fp.s0'
C:\Users\testbench\Videos\FFT Dev UPdate\fixedops.asm: line 225:8 Error: Undefined symbol: 'fp.s1'
C:\Users\testbench\Videos\FFT Dev UPdate\fixedops.asm: line 226:8 Error: Undefined symbol: 'fp.s2'
C:\Users\testbench\Videos\FFT Dev UPdate\fixedops.asm: line 227:8 Error: Undefined symbol: 'fp.s3'
C:\Users\testbench\Videos\FFT Dev UPdate\fixedops.asm: line 228:8 Error: Undefined symbol: 'fp.s4'
C:\Users\testbench\Videos\FFT Dev UPdate\fixedops.asm: line 229:8 Error: Undefined symbol: 'fp.fp'
C:\Users\testbench\Videos\FFT Dev UPdate\fixedops.asm: line 230:13 Error: Undefined symbol: 'fp.a4'
C:\Users\testbench\Videos\FFT Dev UPdate\fixedops.asm: line 235:14 Error: Undefined symbol: 'fp.s4'
C:\Users\testbench\Videos\FFT Dev UPdate\fixedops.asm: line 236:8 Error: Undefined symbol: 'fp.fp'
C:\Users\testbench\Videos\FFT Dev UPdate\fixedops.asm: line 237:13 Error: Undefined symbol: 'fp.fp'
C:\Users\testbench\Videos\FFT Dev UPdate\fixedops.asm: line 238:8 Error: Undefined symbol: 'fp.ra'
C:\Users\testbench\Videos\FFT Dev UPdate\fixedops.asm: line 239:8 Error: Undefined symbol: 'fp.s0'
C:\Users\testbench\Videos\FFT Dev UPdate\fixedops.asm: line 240:8 Error: Undefined symbol: 'fp.s1'
C:\Users\testbench\Videos\FFT Dev UPdate\fixedops.asm: line 241:8 Error: Undefined symbol: 'fp.s2'
C:\Users\testbench\Videos\FFT Dev UPdate\fixedops.asm: line 242:8 Error: Undefined symbol: 'fp.s3'
C:\Users\testbench\Videos\FFT Dev UPdate\fixedops.asm: line 243:8 Error: Undefined symbol: 'fp.s4'
C:\Users\testbench\Videos\FFT Dev UPdate\fixedops.asm: line 244:8 Error: Undefined symbol: 'fp.a0'
C:\Users\testbench\Videos\FFT Dev UPdate\fixedops.asm: line 245:8 Error: Undefined symbol: 'fp.a1'
C:\Users\testbench\Videos\FFT Dev UPdate\fixedops.asm: line 246:8 Error: Undefined symbol: 'fp.a2'
C:\Users\testbench\Videos\FFT Dev UPdate\fixedops.asm: line 247:8 Error: Undefined symbol: 'fp.a3'
C:\Users\testbench\Videos\FFT Dev UPdate\fixedops.asm: line 254:9 Error: Undefined symbol: 'roundingfacttor'
C:\Users\testbench\Videos\FFT Dev UPdate\fixedops.asm: line 254:11 Error: Undefined symbol: 'roundingfacttor'
C:\Users\testbench\Videos\FFT Dev UPdate\fixedops.asm: line 254:13 Error: Undefined symbol: 'roundingfacttor'
C:\Users\testbench\Videos\FFT Dev UPdate\fixedops.asm: line 318:11 Error: Undefined symbol: 'fp.ra'
C:\Users\testbench\Videos\FFT Dev UPdate\fixedops.asm: line 319:8 Error: Undefined symbol: 'fp.s0'
C:\Users\testbench\Videos\FFT Dev UPdate\fixedops.asm: line 320:8 Error: Undefined symbol: 'fp.s1'
C:\Users\testbench\Videos\FFT Dev UPdate\fixedops.asm: line 321:8 Error: Undefined symbol: 'fp.s2'
C:\Users\testbench\Videos\FFT Dev UPdate\fixedops.asm: line 322:8 Error: Undefined symbol: 'fp.s3'
C:\Users\testbench\Videos\FFT Dev UPdate\fixedops.asm: line 323:8 Error: Undefined symbol: 'fp.s4'
C:\Users\testbench\Videos\FFT Dev UPdate\fixedops.asm: line 324:8 Error: Undefined symbol: 'fp.fp'
C:\Users\testbench\Videos\FFT Dev UPdate\fixedops.asm: line 325:13 Error: Undefined symbol: 'fp.a4'
