Mips Assembler Rev 3.1.2
C:\asm\Assembler.exe
-W
C:\Users\testbench\Videos\IM WORKING\fileio.asm

C:\Users\testbench\Videos\IM WORKING\fileio.asm: line 24:14 Error: Undefined symbol: 'fp.s4'
C:\Users\testbench\Videos\IM WORKING\fileio.asm: line 25:8 Error: Undefined symbol: 'fp.fp'
C:\Users\testbench\Videos\IM WORKING\fileio.asm: line 26:13 Error: Undefined symbol: 'fp.fp'
C:\Users\testbench\Videos\IM WORKING\fileio.asm: line 27:8 Error: Undefined symbol: 'fp.ra'
C:\Users\testbench\Videos\IM WORKING\fileio.asm: line 28:8 Error: Undefined symbol: 'fp.s0'
C:\Users\testbench\Videos\IM WORKING\fileio.asm: line 29:8 Error: Undefined symbol: 'fp.s1'
C:\Users\testbench\Videos\IM WORKING\fileio.asm: line 30:8 Error: Undefined symbol: 'fp.s2'
C:\Users\testbench\Videos\IM WORKING\fileio.asm: line 31:8 Error: Undefined symbol: 'fp.s3'
C:\Users\testbench\Videos\IM WORKING\fileio.asm: line 32:8 Error: Undefined symbol: 'fp.s4'
C:\Users\testbench\Videos\IM WORKING\fileio.asm: line 33:8 Error: Undefined symbol: 'fp.a0'
C:\Users\testbench\Videos\IM WORKING\fileio.asm: line 34:8 Error: Undefined symbol: 'fp.a1'
C:\Users\testbench\Videos\IM WORKING\fileio.asm: line 35:8 Error: Undefined symbol: 'fp.a2'
C:\Users\testbench\Videos\IM WORKING\fileio.asm: line 36:8 Error: Undefined symbol: 'fp.a3'
C:\Users\testbench\Videos\IM WORKING\fileio.asm: line 77:9 Error: Undefined symbol: 'm'
C:\Users\testbench\Videos\IM WORKING\fileio.asm: line 77:8 Error: Undefined symbol: 'm'
C:\Users\testbench\Videos\IM WORKING\fileio.asm: line 79:9 Error: Undefined symbol: 'm'
C:\Users\testbench\Videos\IM WORKING\fileio.asm: line 79:8 Error: Undefined symbol: 'm'
C:\Users\testbench\Videos\IM WORKING\fileio.asm: line 82:9 Error: Undefined symbol: 'm'
C:\Users\testbench\Videos\IM WORKING\fileio.asm: line 82:8 Error: Undefined symbol: 'm'
C:\Users\testbench\Videos\IM WORKING\fileio.asm: line 90:9 Error: Undefined symbol: 'N'
C:\Users\testbench\Videos\IM WORKING\fileio.asm: line 90:8 Error: Undefined symbol: 'N'
C:\Users\testbench\Videos\IM WORKING\fileio.asm: line 93:9 Error: Undefined symbol: 'Nfloat'
C:\Users\testbench\Videos\IM WORKING\fileio.asm: line 93:10 Error: Undefined symbol: 'Nfloat'
C:\Users\testbench\Videos\IM WORKING\fileio.asm: line 93:12 Error: Undefined symbol: 'Nfloat'
C:\Users\testbench\Videos\IM WORKING\fileio.asm: line 101:9 Error: Undefined symbol: 'N'
C:\Users\testbench\Videos\IM WORKING\fileio.asm: line 101:8 Error: Undefined symbol: 'N'
C:\Users\testbench\Videos\IM WORKING\fileio.asm: line 103:9 Error: Undefined symbol: 'Data'
C:\Users\testbench\Videos\IM WORKING\fileio.asm: line 170:11 Error: Undefined symbol: 'fp.ra'
C:\Users\testbench\Videos\IM WORKING\fileio.asm: line 171:8 Error: Undefined symbol: 'fp.s0'
C:\Users\testbench\Videos\IM WORKING\fileio.asm: line 172:8 Error: Undefined symbol: 'fp.s1'
C:\Users\testbench\Videos\IM WORKING\fileio.asm: line 173:8 Error: Undefined symbol: 'fp.s2'
C:\Users\testbench\Videos\IM WORKING\fileio.asm: line 174:8 Error: Undefined symbol: 'fp.s3'
C:\Users\testbench\Videos\IM WORKING\fileio.asm: line 175:8 Error: Undefined symbol: 'fp.s4'
C:\Users\testbench\Videos\IM WORKING\fileio.asm: line 176:8 Error: Undefined symbol: 'fp.fp'
C:\Users\testbench\Videos\IM WORKING\fileio.asm: line 177:13 Error: Undefined symbol: 'fp.a4'
C:\Users\testbench\Videos\IM WORKING\fileio.asm: line 184:14 Error: Undefined symbol: 'fp.s4'
C:\Users\testbench\Videos\IM WORKING\fileio.asm: line 185:8 Error: Undefined symbol: 'fp.fp'
C:\Users\testbench\Videos\IM WORKING\fileio.asm: line 186:13 Error: Undefined symbol: 'fp.fp'
C:\Users\testbench\Videos\IM WORKING\fileio.asm: line 187:8 Error: Undefined symbol: 'fp.ra'
C:\Users\testbench\Videos\IM WORKING\fileio.asm: line 188:8 Error: Undefined symbol: 'fp.s0'
C:\Users\testbench\Videos\IM WORKING\fileio.asm: line 189:8 Error: Undefined symbol: 'fp.s1'
C:\Users\testbench\Videos\IM WORKING\fileio.asm: line 190:8 Error: Undefined symbol: 'fp.s2'
C:\Users\testbench\Videos\IM WORKING\fileio.asm: line 191:8 Error: Undefined symbol: 'fp.s3'
C:\Users\testbench\Videos\IM WORKING\fileio.asm: line 192:8 Error: Undefined symbol: 'fp.s4'
C:\Users\testbench\Videos\IM WORKING\fileio.asm: line 193:8 Error: Undefined symbol: 'fp.a0'
C:\Users\testbench\Videos\IM WORKING\fileio.asm: line 194:8 Error: Undefined symbol: 'fp.a1'
C:\Users\testbench\Videos\IM WORKING\fileio.asm: line 195:8 Error: Undefined symbol: 'fp.a2'
C:\Users\testbench\Videos\IM WORKING\fileio.asm: line 196:8 Error: Undefined symbol: 'fp.a3'
C:\Users\testbench\Videos\IM WORKING\fileio.asm: line 202:9 Error: Undefined symbol: 'N'
C:\Users\testbench\Videos\IM WORKING\fileio.asm: line 202:8 Error: Undefined symbol: 'N'
C:\Users\testbench\Videos\IM WORKING\fileio.asm: line 203:8 Error: Undefined symbol: 'Data'
C:\Users\testbench\Videos\IM WORKING\fileio.asm: line 211:8 Error: Undefined symbol: 'm'
C:\Users\testbench\Videos\IM WORKING\fileio.asm: line 222:11 Error: Undefined symbol: 'fp.ra'
C:\Users\testbench\Videos\IM WORKING\fileio.asm: line 223:8 Error: Undefined symbol: 'fp.s0'
C:\Users\testbench\Videos\IM WORKING\fileio.asm: line 224:8 Error: Undefined symbol: 'fp.s1'
C:\Users\testbench\Videos\IM WORKING\fileio.asm: line 225:8 Error: Undefined symbol: 'fp.s2'
C:\Users\testbench\Videos\IM WORKING\fileio.asm: line 226:8 Error: Undefined symbol: 'fp.s3'
C:\Users\testbench\Videos\IM WORKING\fileio.asm: line 227:8 Error: Undefined symbol: 'fp.s4'
C:\Users\testbench\Videos\IM WORKING\fileio.asm: line 228:8 Error: Undefined symbol: 'fp.fp'
C:\Users\testbench\Videos\IM WORKING\fileio.asm: line 229:13 Error: Undefined symbol: 'fp.a4'
