Mips Assembler Rev 3.1.2
C:\Program Files (x86)\MIPSymGui\asm\assembler.exe
-W
C:\Users\GujoS\Videos\IM WORKING\printdata.asm

C:\Users\GujoS\Videos\IM WORKING\printdata.asm: line 3:14 Error: Undefined symbol: 'fp.s4'
C:\Users\GujoS\Videos\IM WORKING\printdata.asm: line 4:8 Error: Undefined symbol: 'fp.fp'
C:\Users\GujoS\Videos\IM WORKING\printdata.asm: line 5:13 Error: Undefined symbol: 'fp.fp'
C:\Users\GujoS\Videos\IM WORKING\printdata.asm: line 6:8 Error: Undefined symbol: 'fp.ra'
C:\Users\GujoS\Videos\IM WORKING\printdata.asm: line 7:8 Error: Undefined symbol: 'fp.s0'
C:\Users\GujoS\Videos\IM WORKING\printdata.asm: line 8:8 Error: Undefined symbol: 'fp.s1'
C:\Users\GujoS\Videos\IM WORKING\printdata.asm: line 9:8 Error: Undefined symbol: 'fp.s2'
C:\Users\GujoS\Videos\IM WORKING\printdata.asm: line 10:8 Error: Undefined symbol: 'fp.s3'
C:\Users\GujoS\Videos\IM WORKING\printdata.asm: line 11:8 Error: Undefined symbol: 'fp.s4'
C:\Users\GujoS\Videos\IM WORKING\printdata.asm: line 12:8 Error: Undefined symbol: 'fp.a0'
C:\Users\GujoS\Videos\IM WORKING\printdata.asm: line 13:8 Error: Undefined symbol: 'fp.a1'
C:\Users\GujoS\Videos\IM WORKING\printdata.asm: line 14:8 Error: Undefined symbol: 'fp.a2'
C:\Users\GujoS\Videos\IM WORKING\printdata.asm: line 15:8 Error: Undefined symbol: 'fp.a3'
C:\Users\GujoS\Videos\IM WORKING\printdata.asm: line 20:8 Error: Undefined symbol: 'ButterFlyDebug'
C:\Users\GujoS\Videos\IM WORKING\printdata.asm: line 22:8 Error: Undefined symbol: 'Data'
C:\Users\GujoS\Videos\IM WORKING\printdata.asm: line 23:9 Error: Undefined symbol: 'N'
C:\Users\GujoS\Videos\IM WORKING\printdata.asm: line 23:8 Error: Undefined symbol: 'N'
C:\Users\GujoS\Videos\IM WORKING\printdata.asm: line 35:11 Error: Undefined symbol: 'fp.ra'
C:\Users\GujoS\Videos\IM WORKING\printdata.asm: line 36:8 Error: Undefined symbol: 'fp.s0'
C:\Users\GujoS\Videos\IM WORKING\printdata.asm: line 37:8 Error: Undefined symbol: 'fp.s1'
C:\Users\GujoS\Videos\IM WORKING\printdata.asm: line 38:8 Error: Undefined symbol: 'fp.s2'
C:\Users\GujoS\Videos\IM WORKING\printdata.asm: line 39:8 Error: Undefined symbol: 'fp.s3'
C:\Users\GujoS\Videos\IM WORKING\printdata.asm: line 40:8 Error: Undefined symbol: 'fp.s4'
C:\Users\GujoS\Videos\IM WORKING\printdata.asm: line 41:8 Error: Undefined symbol: 'fp.fp'
C:\Users\GujoS\Videos\IM WORKING\printdata.asm: line 42:13 Error: Undefined symbol: 'fp.a4'
